<?xml version="1.0" encoding="UTF-8"?>
<testng-results skipped="0" failed="0" ignored="0" total="1" passed="1">
  <reporter-output>
  </reporter-output>
  <suite name="Default suite" duration-ms="110791" started-at="2023-02-26T22:59:27 IST" finished-at="2023-02-26T23:01:17 IST">
    <groups>
    </groups>
    <test name="Default test" duration-ms="110791" started-at="2023-02-26T22:59:27 IST" finished-at="2023-02-26T23:01:17 IST">
      <class name="test.organizations.CreateOrganizationWithIndustryTest">
        <test-method status="PASS" signature="bsConfig()[pri:0, instance:test.organizations.CreateOrganizationWithIndustryTest@78186a70]" name="bsConfig" is-config="true" duration-ms="23" started-at="2023-02-26T22:59:27 IST" finished-at="2023-02-26T22:59:27 IST">
          <reporter-output>
          </reporter-output>
        </test-method> <!-- bsConfig -->
        <test-method status="PASS" signature="bcConfig()[pri:0, instance:test.organizations.CreateOrganizationWithIndustryTest@78186a70]" name="bcConfig" is-config="true" duration-ms="29211" started-at="2023-02-26T22:59:27 IST" finished-at="2023-02-26T22:59:56 IST">
          <reporter-output>
          </reporter-output>
        </test-method> <!-- bcConfig -->
        <test-method status="PASS" signature="bmConfig()[pri:0, instance:test.organizations.CreateOrganizationWithIndustryTest@78186a70]" name="bmConfig" is-config="true" duration-ms="11254" started-at="2023-02-26T22:59:56 IST" finished-at="2023-02-26T23:00:07 IST">
          <reporter-output>
          </reporter-output>
        </test-method> <!-- bmConfig -->
        <test-method status="PASS" signature="createOrganizationWithIndustryTest()[pri:0, instance:test.organizations.CreateOrganizationWithIndustryTest@78186a70]" name="createOrganizationWithIndustryTest" duration-ms="65214" started-at="2023-02-26T23:00:07 IST" finished-at="2023-02-26T23:01:12 IST">
          <reporter-output>
          </reporter-output>
        </test-method> <!-- createOrganizationWithIndustryTest -->
        <test-method status="PASS" signature="amConfig()[pri:0, instance:test.organizations.CreateOrganizationWithIndustryTest@78186a70]" name="amConfig" is-config="true" duration-ms="3378" started-at="2023-02-26T23:01:12 IST" finished-at="2023-02-26T23:01:16 IST">
          <reporter-output>
          </reporter-output>
        </test-method> <!-- amConfig -->
        <test-method status="PASS" signature="acConfig()[pri:0, instance:test.organizations.CreateOrganizationWithIndustryTest@78186a70]" name="acConfig" is-config="true" duration-ms="1622" started-at="2023-02-26T23:01:16 IST" finished-at="2023-02-26T23:01:17 IST">
          <reporter-output>
          </reporter-output>
        </test-method> <!-- acConfig -->
        <test-method status="PASS" signature="asConfig()[pri:0, instance:test.organizations.CreateOrganizationWithIndustryTest@78186a70]" name="asConfig" is-config="true" duration-ms="0" started-at="2023-02-26T23:01:18 IST" finished-at="2023-02-26T23:01:18 IST">
          <reporter-output>
          </reporter-output>
        </test-method> <!-- asConfig -->
      </class> <!-- test.organizations.CreateOrganizationWithIndustryTest -->
    </test> <!-- Default test -->
  </suite> <!-- Default suite -->
</testng-results>
